Determining if the pthread_create exist failed with the following output:
Change Dir: /home/odroid/catkin_ws/build/CMakeFiles/CMakeTmp

Run Build Command:"/usr/bin/make" "cmTC_10d9d/fast"
/usr/bin/make -f CMakeFiles/cmTC_10d9d.dir/build.make CMakeFiles/cmTC_10d9d.dir/build
make[1]: Entering directory '/home/odroid/catkin_ws/build/CMakeFiles/CMakeTmp'
Building C object CMakeFiles/cmTC_10d9d.dir/CheckSymbolExists.c.o
/usr/bin/cc     -o CMakeFiles/cmTC_10d9d.dir/CheckSymbolExists.c.o   -c /home/odroid/catkin_ws/build/CMakeFiles/CMakeTmp/CheckSymbolExists.c
Linking C executable cmTC_10d9d
/usr/bin/cmake -E cmake_link_script CMakeFiles/cmTC_10d9d.dir/link.txt --verbose=1
/usr/bin/cc       CMakeFiles/cmTC_10d9d.dir/CheckSymbolExists.c.o  -o cmTC_10d9d -rdynamic 
CMakeFiles/cmTC_10d9d.dir/CheckSymbolExists.c.o: In function `main':
CheckSymbolExists.c:(.text+0x14): undefined reference to `pthread_create'
CheckSymbolExists.c:(.text+0x18): undefined reference to `pthread_create'
collect2: error: ld returned 1 exit status
CMakeFiles/cmTC_10d9d.dir/build.make:97: recipe for target 'cmTC_10d9d' failed
make[1]: *** [cmTC_10d9d] Error 1
make[1]: Leaving directory '/home/odroid/catkin_ws/build/CMakeFiles/CMakeTmp'
Makefile:126: recipe for target 'cmTC_10d9d/fast' failed
make: *** [cmTC_10d9d/fast] Error 2

File /home/odroid/catkin_ws/build/CMakeFiles/CMakeTmp/CheckSymbolExists.c:
/* */
#include <pthread.h>

int main(int argc, char** argv)
{
  (void)argv;
#ifndef pthread_create
  return ((int*)(&pthread_create))[argc];
#else
  (void)argc;
  return 0;
#endif
}

Determining if the function pthread_create exists in the pthreads failed with the following output:
Change Dir: /home/odroid/catkin_ws/build/CMakeFiles/CMakeTmp

Run Build Command:"/usr/bin/make" "cmTC_1bcfe/fast"
/usr/bin/make -f CMakeFiles/cmTC_1bcfe.dir/build.make CMakeFiles/cmTC_1bcfe.dir/build
make[1]: Entering directory '/home/odroid/catkin_ws/build/CMakeFiles/CMakeTmp'
Building C object CMakeFiles/cmTC_1bcfe.dir/CheckFunctionExists.c.o
/usr/bin/cc    -DCHECK_FUNCTION_EXISTS=pthread_create   -o CMakeFiles/cmTC_1bcfe.dir/CheckFunctionExists.c.o   -c /usr/share/cmake-3.5/Modules/CheckFunctionExists.c
Linking C executable cmTC_1bcfe
/usr/bin/cmake -E cmake_link_script CMakeFiles/cmTC_1bcfe.dir/link.txt --verbose=1
/usr/bin/cc   -DCHECK_FUNCTION_EXISTS=pthread_create    CMakeFiles/cmTC_1bcfe.dir/CheckFunctionExists.c.o  -o cmTC_1bcfe -rdynamic -lpthreads 
/usr/bin/ld: cannot find -lpthreads
collect2: error: ld returned 1 exit status
CMakeFiles/cmTC_1bcfe.dir/build.make:97: recipe for target 'cmTC_1bcfe' failed
make[1]: *** [cmTC_1bcfe] Error 1
make[1]: Leaving directory '/home/odroid/catkin_ws/build/CMakeFiles/CMakeTmp'
Makefile:126: recipe for target 'cmTC_1bcfe/fast' failed
make: *** [cmTC_1bcfe/fast] Error 2


